[debug] [2024-12-05T05:46:02.377Z] ----------------------------------------------------------------------
[debug] [2024-12-05T05:46:02.379Z] Command:       C:\Users\willi\.nvm\versions\node\v20.15.0\bin\node.exe C:\Users\willi\AppData\Roaming\npm\node_modules\firebase-tools\lib\bin\firebase.js deploy
[debug] [2024-12-05T05:46:02.379Z] CLI Version:   12.6.2
[debug] [2024-12-05T05:46:02.379Z] Platform:      win32
[debug] [2024-12-05T05:46:02.379Z] Node Version:  v20.15.0
[debug] [2024-12-05T05:46:02.380Z] Time:          Wed Dec 04 2024 21:46:02 GMT-0800 (Pacific Standard Time)
[debug] [2024-12-05T05:46:02.380Z] ----------------------------------------------------------------------
[debug] 
[debug] [2024-12-05T05:46:02.390Z] >>> [apiv2][query] GET https://firebase-public.firebaseio.com/cli.json [none]
[debug] [2024-12-05T05:46:02.470Z] > command requires scopes: ["email","openid","https://www.googleapis.com/auth/cloudplatformprojects.readonly","https://www.googleapis.com/auth/firebase","https://www.googleapis.com/auth/cloud-platform"]
[debug] [2024-12-05T05:46:02.470Z] > authorizing via signed-in user (william.laolagi@gmail.com)
[debug] [2024-12-05T05:46:02.470Z] [iam] checking project iehp-patient-fhir-demo for permissions ["firebase.projects.get","firebasehosting.sites.update"]
[debug] [2024-12-05T05:46:02.471Z] > refreshing access token with scopes: []
[debug] [2024-12-05T05:46:02.472Z] >>> [apiv2][query] POST https://www.googleapis.com/oauth2/v3/token [none]
[debug] [2024-12-05T05:46:02.472Z] >>> [apiv2][body] POST https://www.googleapis.com/oauth2/v3/token [omitted]
[debug] [2024-12-05T05:46:02.544Z] <<< [apiv2][status] POST https://www.googleapis.com/oauth2/v3/token 400
[debug] [2024-12-05T05:46:02.545Z] <<< [apiv2][body] POST https://www.googleapis.com/oauth2/v3/token [omitted]
[debug] [2024-12-05T05:46:02.545Z] >>> [apiv2][query] POST https://cloudresourcemanager.googleapis.com/v1/projects/iehp-patient-fhir-demo:testIamPermissions [none]
[debug] [2024-12-05T05:46:02.545Z] >>> [apiv2][(partial)header] POST https://cloudresourcemanager.googleapis.com/v1/projects/iehp-patient-fhir-demo:testIamPermissions x-goog-quota-user=projects/iehp-patient-fhir-demo
[debug] [2024-12-05T05:46:02.545Z] >>> [apiv2][body] POST https://cloudresourcemanager.googleapis.com/v1/projects/iehp-patient-fhir-demo:testIamPermissions {"permissions":["firebase.projects.get","firebasehosting.sites.update"]}
[debug] [2024-12-05T05:46:02.595Z] <<< [apiv2][status] GET https://firebase-public.firebaseio.com/cli.json 200
[debug] [2024-12-05T05:46:02.595Z] <<< [apiv2][body] GET https://firebase-public.firebaseio.com/cli.json {"cloudBuildErrorAfter":1594252800000,"cloudBuildWarnAfter":1590019200000,"defaultNode10After":1594252800000,"minVersion":"3.0.5","node8DeploysDisabledAfter":1613390400000,"node8RuntimeDisabledAfter":1615809600000,"node8WarnAfter":1600128000000}
[debug] [2024-12-05T05:46:02.746Z] <<< [apiv2][status] POST https://cloudresourcemanager.googleapis.com/v1/projects/iehp-patient-fhir-demo:testIamPermissions 401
[debug] [2024-12-05T05:46:02.747Z] <<< [apiv2][body] POST https://cloudresourcemanager.googleapis.com/v1/projects/iehp-patient-fhir-demo:testIamPermissions {"error":{"code":401,"message":"Request had invalid authentication credentials. Expected OAuth 2 access token, login cookie or other valid authentication credential. See https://developers.google.com/identity/sign-in/web/devconsole-project.","status":"UNAUTHENTICATED","details":[{"@type":"type.googleapis.com/google.rpc.ErrorInfo","reason":"ACCESS_TOKEN_TYPE_UNSUPPORTED","metadata":{"method":"google.cloudresourcemanager.v1.Projects.TestIamPermissions","service":"cloudresourcemanager.googleapis.com"}}]}}
[debug] [2024-12-05T05:46:02.749Z] [iam] error while checking permissions, command may fail: FirebaseError: HTTP Error: 401, Request had invalid authentication credentials. Expected OAuth 2 access token, login cookie or other valid authentication credential. See https://developers.google.com/identity/sign-in/web/devconsole-project.
[debug] [2024-12-05T05:46:02.749Z] > refreshing access token with scopes: []
[debug] [2024-12-05T05:46:02.750Z] >>> [apiv2][query] POST https://www.googleapis.com/oauth2/v3/token [none]
[debug] [2024-12-05T05:46:02.750Z] >>> [apiv2][body] POST https://www.googleapis.com/oauth2/v3/token [omitted]
[debug] [2024-12-05T05:46:02.808Z] <<< [apiv2][status] POST https://www.googleapis.com/oauth2/v3/token 400
[debug] [2024-12-05T05:46:02.808Z] <<< [apiv2][body] POST https://www.googleapis.com/oauth2/v3/token [omitted]
[debug] [2024-12-05T05:46:02.810Z] >>> [apiv2][query] GET https://firebase.googleapis.com/v1beta1/projects/iehp-patient-fhir-demo [none]
[debug] [2024-12-05T05:46:03.020Z] <<< [apiv2][status] GET https://firebase.googleapis.com/v1beta1/projects/iehp-patient-fhir-demo 401
[debug] [2024-12-05T05:46:03.020Z] <<< [apiv2][body] GET https://firebase.googleapis.com/v1beta1/projects/iehp-patient-fhir-demo {"error":{"code":401,"message":"Request had invalid authentication credentials. Expected OAuth 2 access token, login cookie or other valid authentication credential. See https://developers.google.com/identity/sign-in/web/devconsole-project.","status":"UNAUTHENTICATED"}}
[debug] [2024-12-05T05:46:03.020Z] HTTP Error: 401, Request had invalid authentication credentials. Expected OAuth 2 access token, login cookie or other valid authentication credential. See https://developers.google.com/identity/sign-in/web/devconsole-project.
[debug] [2024-12-05T05:46:03.073Z] FirebaseError: HTTP Error: 401, Request had invalid authentication credentials. Expected OAuth 2 access token, login cookie or other valid authentication credential. See https://developers.google.com/identity/sign-in/web/devconsole-project.
    at responseToError (C:\Users\willi\AppData\Roaming\npm\node_modules\firebase-tools\lib\responseToError.js:49:12)
    at RetryOperation._fn (C:\Users\willi\AppData\Roaming\npm\node_modules\firebase-tools\lib\apiv2.js:285:77)
    at process.processTicksAndRejections (node:internal/process/task_queues:95:5)
[error] 
[error] Error: Failed to get Firebase project iehp-patient-fhir-demo. Please make sure the project exists and your account has permission to access it.
